0 info it worked if it ends with ok
1 verbose cli [ '/Users/jiangnan/.nvm/versions/node/v7.6.0/bin/node',
1 verbose cli   '/Users/jiangnan/.nvm/versions/node/v7.6.0/bin/npm',
1 verbose cli   'start' ]
2 info using npm@4.1.2
3 info using node@v7.6.0
4 verbose run-script [ 'prestart', 'start', 'poststart' ]
5 info lifecycle zaih-zpanel@1.0.0~prestart: zaih-zpanel@1.0.0
6 silly lifecycle zaih-zpanel@1.0.0~prestart: no script for prestart, continuing
7 info lifecycle zaih-zpanel@1.0.0~start: zaih-zpanel@1.0.0
8 verbose lifecycle zaih-zpanel@1.0.0~start: unsafe-perm in lifecycle true
9 verbose lifecycle zaih-zpanel@1.0.0~start: PATH: /Users/jiangnan/.nvm/versions/node/v7.6.0/lib/node_modules/npm/bin/node-gyp-bin:/Users/jiangnan/Desktop/cigem/admin/node_modules/.bin:/Users/jiangnan/.nvm/versions/node/v7.6.0/bin:/Users/jiangnan/.rvm/gems/ruby-2.2.4/bin:/Users/jiangnan/.rvm/gems/ruby-2.2.4@global/bin:/Users/jiangnan/.rvm/rubies/ruby-2.2.4/bin:/usr/local/bin:/usr/bin:/bin:/usr/sbin:/sbin:/Users/jiangnan/.rvm/bin:/usr/local/mysql/bin
10 verbose lifecycle zaih-zpanel@1.0.0~start: CWD: /Users/jiangnan/Desktop/cigem/admin
11 silly lifecycle zaih-zpanel@1.0.0~start: Args: [ '-c',
11 silly lifecycle   'rm -rf public & gulp dev & cross-env NODE_ENV=dev supervisor -i public app' ]
12 silly lifecycle zaih-zpanel@1.0.0~start: Returned: code: 1  signal: null
13 info lifecycle zaih-zpanel@1.0.0~start: Failed to exec start script
14 verbose stack Error: zaih-zpanel@1.0.0 start: `rm -rf public & gulp dev & cross-env NODE_ENV=dev supervisor -i public app`
14 verbose stack Exit status 1
14 verbose stack     at EventEmitter.<anonymous> (/Users/jiangnan/.nvm/versions/node/v7.6.0/lib/node_modules/npm/lib/utils/lifecycle.js:279:16)
14 verbose stack     at emitTwo (events.js:106:13)
14 verbose stack     at EventEmitter.emit (events.js:192:7)
14 verbose stack     at ChildProcess.<anonymous> (/Users/jiangnan/.nvm/versions/node/v7.6.0/lib/node_modules/npm/lib/utils/spawn.js:40:14)
14 verbose stack     at emitTwo (events.js:106:13)
14 verbose stack     at ChildProcess.emit (events.js:192:7)
14 verbose stack     at maybeClose (internal/child_process.js:890:16)
14 verbose stack     at Process.ChildProcess._handle.onexit (internal/child_process.js:226:5)
15 verbose pkgid zaih-zpanel@1.0.0
16 verbose cwd /Users/jiangnan/Desktop/cigem/admin
17 error Darwin 15.3.0
18 error argv "/Users/jiangnan/.nvm/versions/node/v7.6.0/bin/node" "/Users/jiangnan/.nvm/versions/node/v7.6.0/bin/npm" "start"
19 error node v7.6.0
20 error npm  v4.1.2
21 error code ELIFECYCLE
22 error zaih-zpanel@1.0.0 start: `rm -rf public & gulp dev & cross-env NODE_ENV=dev supervisor -i public app`
22 error Exit status 1
23 error Failed at the zaih-zpanel@1.0.0 start script 'rm -rf public & gulp dev & cross-env NODE_ENV=dev supervisor -i public app'.
23 error Make sure you have the latest version of node.js and npm installed.
23 error If you do, this is most likely a problem with the zaih-zpanel package,
23 error not with npm itself.
23 error Tell the author that this fails on your system:
23 error     rm -rf public & gulp dev & cross-env NODE_ENV=dev supervisor -i public app
23 error You can get information on how to open an issue for this project with:
23 error     npm bugs zaih-zpanel
23 error Or if that isn't available, you can get their info via:
23 error     npm owner ls zaih-zpanel
23 error There is likely additional logging output above.
24 verbose exit [ 1, true ]
